<?xml version="1.0" encoding="UTF-8"?>
<!-- Generated by org.testng.reporters.JUnitReportReporter -->
<testsuite hostname="GSY-IBhangu" failures="0" tests="1" name="automation.GDScoApp" time="904.595" errors="0" timestamp="5 Feb 2021 17:26:09 GMT">
  <testcase classname="automation.GDScoApp" name="m1" time="904.595"/>
</testsuite> <!-- automation.GDScoApp -->
