<?xml version="1.0" encoding="UTF-8"?>
<!-- Generated by org.testng.reporters.JUnitReportReporter -->
<testsuite hostname="GSY-IBhangu" name="automation.testdata" tests="1" failures="0" timestamp="29 Jan 2021 22:35:21 GMT" time="1.333" errors="0">
  <testcase name="m1" time="1.333" classname="automation.testdata"/>
</testsuite> <!-- automation.testdata -->
