<?xml version="1.0" encoding="UTF-8"?>
<!-- Generated by org.testng.reporters.JUnitReportReporter -->
<testsuite name="automation.UPLnewStrategyCoApp" tests="1" time="1909.100" ignored="0" failures="0" timestamp="18 Aug 2020 19:31:32 GMT" skipped="0" hostname="GSY-IBhangu" errors="0">
  <testcase name="CoApp1" time="1909.100" classname="automation.UPLnewStrategyCoApp"/>
</testsuite> <!-- automation.UPLnewStrategyCoApp -->
