<?xml version="1.0" encoding="UTF-8"?>
<!-- Generated by org.testng.reporters.JUnitReportReporter -->
<testsuite name="automation.UPLcvAndcabCoApp" tests="1" time="1382.647" ignored="0" failures="0" timestamp="20 Aug 2020 14:34:45 GMT" skipped="0" hostname="GSY-IBhangu" errors="0">
  <testcase name="CoApp1" time="1382.647" classname="automation.UPLcvAndcabCoApp"/>
</testsuite> <!-- automation.UPLcvAndcabCoApp -->
