<?xml version="1.0" encoding="UTF-8"?>
<!-- Generated by org.testng.reporters.JUnitReportReporter -->
<testsuite name="automation.UPLincreaseQC" tests="1" time="641.119" ignored="0" failures="0" timestamp="16 Sep 2020 18:50:30 GMT" skipped="0" hostname="GSY-IBhangu" errors="0">
  <testcase name="m2" time="641.119" classname="automation.UPLincreaseQC"/>
</testsuite> <!-- automation.UPLincreaseQC -->
