<?xml version="1.0" encoding="UTF-8"?>
<!-- Generated by org.testng.reporters.JUnitReportReporter -->
<testsuite hostname="GSY-IBhangu" failures="0" tests="1" name="automation.ExpressFusionApp" time="282.041" errors="0" timestamp="7 May 2021 16:57:24 GMT">
  <testcase classname="automation.ExpressFusionApp" name="m1" time="282.041"/>
</testsuite> <!-- automation.ExpressFusionApp -->
