<?xml version="1.0" encoding="UTF-8"?>
<!-- Generated by org.testng.reporters.JUnitReportReporter -->
<testsuite hostname="GSY-IBhangu" failures="0" tests="1" name="automation.UPLcvandcabFusionCoApp" time="708.165" errors="0" timestamp="17 May 2021 18:14:00 GMT">
  <testcase classname="automation.UPLcvandcabFusionCoApp" name="m1" time="708.165"/>
</testsuite> <!-- automation.UPLcvandcabFusionCoApp -->
