<?xml version="1.0" encoding="UTF-8"?>
<!-- Generated by org.testng.reporters.JUnitReportReporter -->
<testsuite hostname="GSY-IBhangu" failures="0" tests="1" name="automation.UPLincreaseQCcoApp" time="1589.025" errors="0" timestamp="16 Sep 2020 21:00:41 GMT">
  <testcase classname="automation.UPLincreaseQCcoApp" name="CoApp1" time="1589.025"/>
</testsuite> <!-- automation.UPLincreaseQCcoApp -->
