<?xml version="1.0" encoding="UTF-8"?>
<!-- Generated by org.testng.reporters.JUnitReportReporter -->
<testsuite hostname="GSY-IBhangu" failures="0" tests="1" name="automation.UPLincreaseFusionApp" time="926.166" errors="0" timestamp="13 May 2021 20:25:35 GMT">
  <testcase classname="automation.UPLincreaseFusionApp" name="m1" time="926.166"/>
</testsuite> <!-- automation.UPLincreaseFusionApp -->
