<?xml version="1.0" encoding="UTF-8"?>
<!-- Generated by org.testng.reporters.JUnitReportReporter -->
<testsuite hostname="GSY-IBhangu" failures="0" tests="1" name="automation.UPLincreaseQCApp" time="292.679" errors="0" timestamp="16 Sep 2020 19:52:49 GMT">
  <testcase classname="automation.UPLincreaseQCApp" name="m2" time="292.679"/>
</testsuite> <!-- automation.UPLincreaseQCApp -->
