<?xml version="1.0" encoding="UTF-8"?>
<!-- Generated by org.testng.reporters.JUnitReportReporter -->
<testsuite hostname="GSY-IBhangu" failures="0" tests="1" name="automation.UPLnewStrategyApp" time="339.284" errors="0" timestamp="26 Aug 2020 14:35:19 GMT">
  <testcase classname="automation.UPLnewStrategyApp" name="Strategy" time="339.284"/>
</testsuite> <!-- automation.UPLnewStrategyApp -->
